#
# There is insufficient memory for the Java Runtime Environment to continue.
# Native memory allocation (mmap) failed to map 253755392 bytes for G1 virtual space
# Possible reasons:
#   The system is out of physical RAM or swap space
#   The process is running with CompressedOops enabled, and the Java Heap may be blocking the growth of the native heap
# Possible solutions:
#   Reduce memory load on the system
#   Increase physical memory or swap space
#   Check if swap backing store is full
#   Decrease Java heap size (-Xmx/-Xms)
#   Decrease number of Java threads
#   Decrease Java thread stack sizes (-Xss)
#   Set larger code cache with -XX:ReservedCodeCacheSize=
#   JVM is running with Zero Based Compressed Oops mode in which the Java heap is
#     placed in the first 32GB address space. The Java Heap base address is the
#     maximum limit for the native heap growth. Please use -XX:HeapBaseMinAddress
#     to set the Java Heap base and to place the Java Heap above 32GB virtual address.
# This output file may be truncated or incomplete.
#
#  Out of Memory Error (os_windows.cpp:3603), pid=18612, tid=5664
#
# JRE version:  (21.0.8+12) (build )
# Java VM: Java HotSpot(TM) 64-Bit Server VM (21.0.8+12-LTS-250, mixed mode, sharing, tiered, compressed oops, compressed class ptrs, g1 gc, windows-amd64)
# No core dump will be written. Minidumps are not enabled by default on client versions of Windows
#

---------------  S U M M A R Y ------------

Command Line: -Dnet.bytebuddy.agent.attacher.dump= net.bytebuddy.agent.Attacher com.sun.tools.attach.VirtualMachine 17928 C:\Users\Pushon31\.m2\repository\net\bytebuddy\byte-buddy-agent\1.14.13\byte-buddy-agent-1.14.13.jar false 

Host: AMD Ryzen 7 7700 8-Core Processor              , 16 cores, 15G,  Windows 11 , 64 bit Build 26100 (10.0.26100.7623)
Time: Tue Jan 20 21:44:34 2026 Bangladesh Standard Time elapsed time: 0.006391 seconds (0d 0h 0m 0s)

---------------  T H R E A D  ---------------

Current thread (0x00000213779ee5a0):  JavaThread "Unknown thread" [_thread_in_vm, id=5664, stack(0x0000002eb6200000,0x0000002eb6300000) (1024K)]

Stack: [0x0000002eb6200000,0x0000002eb6300000]
Native frames: (J=compiled Java code, j=interpreted, Vv=VM code, C=native code)
V  [jvm.dll+0x6cc179]
V  [jvm.dll+0x8584c1]
V  [jvm.dll+0x85a9ee]
V  [jvm.dll+0x85b0c3]
V  [jvm.dll+0x27ebf6]
V  [jvm.dll+0x6c88f5]
V  [jvm.dll+0x6bd45a]
V  [jvm.dll+0x354b1a]
V  [jvm.dll+0x35c796]
V  [jvm.dll+0x3af85e]
V  [jvm.dll+0x3afb08]
V  [jvm.dll+0x328e2c]
V  [jvm.dll+0x32998b]
V  [jvm.dll+0x821879]
V  [jvm.dll+0x3bc541]
V  [jvm.dll+0x80aaf8]
V  [jvm.dll+0x45172e]
V  [jvm.dll+0x453321]
C  [jli.dll+0x52a3]
C  [ucrtbase.dll+0x37b0]
C  [KERNEL32.DLL+0x2e8d7]
C  [ntdll.dll+0x8c53c]


---------------  P R O C E S S  ---------------

Threads class SMR info:
_java_thread_list=0x00007ffca052fc48, length=0, elements={
}

Java Threads: ( => current thread )
Total: 0

Other Threads:
  0x0000021377f59fc0 WorkerThread "GC Thread#0"                     [id=10804, stack(0x0000002eb6300000,0x0000002eb6400000) (1024K)]
  0x0000021377f6afe0 ConcurrentGCThread "G1 Main Marker"            [id=18760, stack(0x0000002eb6400000,0x0000002eb6500000) (1024K)]
  0x0000021377f6e290 WorkerThread "G1 Conc#0"                       [id=16220, stack(0x0000002eb6500000,0x0000002eb6600000) (1024K)]

[error occurred during error reporting (printing all threads), id 0xc0000005, EXCEPTION_ACCESS_VIOLATION (0xc0000005) at pc=0x00007ffc9fc9b5b7]
VM state: not at safepoint (not fully initialized)

VM Mutex/Monitor currently owned by a thread:  ([mutex/lock_event])
[0x00007ffca05a0f50] Heap_lock - owner thread: 0x00000213779ee5a0

Heap address: 0x000000070e400000, size: 3868 MB, Compressed Oops mode: Zero based, Oop shift amount: 3

CDS archive(s) mapped at: [0x0000000000000000-0x0000000000000000-0x0000000000000000), size 0, SharedBaseAddress: 0x0000000800000000, ArchiveRelocationMode: 1.
Narrow klass base: 0x0000000000000000, Narrow klass shift: 0, Narrow klass range: 0x0

GC Precious Log:
 CardTable entry size: 512
 Card Set container configuration: InlinePtr #cards 4 size 8 Array Of Cards #cards 16 size 48 Howl #buckets 8 coarsen threshold 3686 Howl Bitmap #cards 512 size 80 coarsen threshold 460 Card regions per heap region 1 cards per card region 4096

Heap:
 garbage-first heap   total 0K, used 0K [0x000000070e400000, 0x0000000800000000)
  region size 2048K, 0 young (0K), 0 survivors (0K)

[error occurred during error reporting (printing heap information), id 0xc0000005, EXCEPTION_ACCESS_VIOLATION (0xc0000005) at pc=0x00007ffca00851e9]
GC Heap History (0 events):
No events

Dll operation events (1 events):
Event: 0.004 Loaded shared library C:\Program Files\Java\jdk-21\bin\java.dll

Deoptimization events (0 events):
No events

Classes loaded (0 events):
No events

Classes unloaded (0 events):
No events

Classes redefined (0 events):
No events

Internal exceptions (0 events):
No events

ZGC Phase Switch (0 events):
No events

VM Operations (0 events):
No events

Events (0 events):
No events


Dynamic libraries:
0x00007ff6a28e0000 - 0x00007ff6a28f0000 	C:\Program Files\Java\jdk-21\bin\java.exe
0x00007ffd491c0000 - 0x00007ffd49427000 	C:\WINDOWS\SYSTEM32\ntdll.dll
0x00007ffd47a80000 - 0x00007ffd47b49000 	C:\WINDOWS\System32\KERNEL32.DLL
0x00007ffd46340000 - 0x00007ffd4672f000 	C:\WINDOWS\System32\KERNELBASE.dll
0x00007ffd46b60000 - 0x00007ffd46cab000 	C:\WINDOWS\System32\ucrtbase.dll
0x00007ffd3bed0000 - 0x00007ffd3bee9000 	C:\Program Files\Java\jdk-21\bin\jli.dll
0x00007ffd30e60000 - 0x00007ffd30e7b000 	C:\Program Files\Java\jdk-21\bin\VCRUNTIME140.dll
0x00007ffd47610000 - 0x00007ffd476c4000 	C:\WINDOWS\System32\ADVAPI32.dll
0x00007ffd47ef0000 - 0x00007ffd47f99000 	C:\WINDOWS\System32\msvcrt.dll
0x00007ffd490d0000 - 0x00007ffd49176000 	C:\WINDOWS\System32\sechost.dll
0x00007ffd47d20000 - 0x00007ffd47e38000 	C:\WINDOWS\System32\RPCRT4.dll
0x00007ffd478b0000 - 0x00007ffd47a75000 	C:\WINDOWS\System32\USER32.dll
0x00007ffd46310000 - 0x00007ffd46337000 	C:\WINDOWS\System32\win32u.dll
0x00007ffd475e0000 - 0x00007ffd4760b000 	C:\WINDOWS\System32\GDI32.dll
0x00007ffd3ae00000 - 0x00007ffd3b093000 	C:\WINDOWS\WinSxS\amd64_microsoft.windows.common-controls_6595b64144ccf1df_6.0.26100.7309_none_3e05feeae336a044\COMCTL32.dll
0x00007ffd46740000 - 0x00007ffd4686c000 	C:\WINDOWS\System32\gdi32full.dll
0x00007ffd46e20000 - 0x00007ffd46ec3000 	C:\WINDOWS\System32\msvcp_win.dll
0x00007ffd401a0000 - 0x00007ffd401ab000 	C:\WINDOWS\SYSTEM32\VERSION.dll
0x00007ffd473f0000 - 0x00007ffd47421000 	C:\WINDOWS\System32\IMM32.DLL
0x00007ffd3a4f0000 - 0x00007ffd3a4fc000 	C:\Program Files\Java\jdk-21\bin\vcruntime140_1.dll
0x00007ffd285a0000 - 0x00007ffd2862e000 	C:\Program Files\Java\jdk-21\bin\msvcp140.dll
0x00007ffc9f960000 - 0x00007ffca067d000 	C:\Program Files\Java\jdk-21\bin\server\jvm.dll
0x00007ffd48a50000 - 0x00007ffd48ac4000 	C:\WINDOWS\System32\WS2_32.dll
0x00007ffd46170000 - 0x00007ffd461ce000 	C:\WINDOWS\SYSTEM32\POWRPROF.dll
0x00007ffd3f040000 - 0x00007ffd3f075000 	C:\WINDOWS\SYSTEM32\WINMM.dll
0x00007ffd46150000 - 0x00007ffd46164000 	C:\WINDOWS\SYSTEM32\UMPDC.dll
0x00007ffd45080000 - 0x00007ffd4509b000 	C:\WINDOWS\SYSTEM32\kernel.appcore.dll
0x00007ffd36220000 - 0x00007ffd3622a000 	C:\Program Files\Java\jdk-21\bin\jimage.dll
0x00007ffd3e530000 - 0x00007ffd3e772000 	C:\WINDOWS\SYSTEM32\DBGHELP.DLL
0x00007ffd48d40000 - 0x00007ffd490c6000 	C:\WINDOWS\System32\combase.dll
0x00007ffd48700000 - 0x00007ffd487d6000 	C:\WINDOWS\System32\OLEAUT32.dll
0x00007ffd319f0000 - 0x00007ffd31a2c000 	C:\WINDOWS\SYSTEM32\dbgcore.DLL
0x00007ffd46ab0000 - 0x00007ffd46b55000 	C:\WINDOWS\System32\bcryptPrimitives.dll
0x00007ffd309b0000 - 0x00007ffd309cf000 	C:\Program Files\Java\jdk-21\bin\java.dll

dbghelp: loaded successfully - version: 4.0.5 - missing functions: none
symbol engine: initialized successfully - sym options: 0x614 - pdb path: .;C:\Program Files\Java\jdk-21\bin;C:\WINDOWS\SYSTEM32;C:\WINDOWS\WinSxS\amd64_microsoft.windows.common-controls_6595b64144ccf1df_6.0.26100.7309_none_3e05feeae336a044;C:\Program Files\Java\jdk-21\bin\server

VM Arguments:
jvm_args: -Dnet.bytebuddy.agent.attacher.dump= 
java_command: net.bytebuddy.agent.Attacher com.sun.tools.attach.VirtualMachine 17928 C:\Users\Pushon31\.m2\repository\net\bytebuddy\byte-buddy-agent\1.14.13\byte-buddy-agent-1.14.13.jar false 
java_class_path (initial): C:\Users\Pushon31\.m2\repository\net\bytebuddy\byte-buddy-agent\1.14.13\byte-buddy-agent-1.14.13.jar
Launcher Type: SUN_STANDARD

[Global flags]
     intx CICompilerCount                          = 12                                        {product} {ergonomic}
     uint ConcGCThreads                            = 3                                         {product} {ergonomic}
     uint G1ConcRefinementThreads                  = 13                                        {product} {ergonomic}
   size_t G1HeapRegionSize                         = 2097152                                   {product} {ergonomic}
    uintx GCDrainStackTargetSize                   = 64                                        {product} {ergonomic}
   size_t InitialHeapSize                          = 253755392                                 {product} {ergonomic}
   size_t MarkStackSize                            = 4194304                                   {product} {ergonomic}
   size_t MaxHeapSize                              = 4055891968                                {product} {ergonomic}
   size_t MinHeapDeltaBytes                        = 2097152                                   {product} {ergonomic}
   size_t MinHeapSize                              = 8388608                                   {product} {ergonomic}
    uintx NonNMethodCodeHeapSize                   = 7602480                                {pd product} {ergonomic}
    uintx NonProfiledCodeHeapSize                  = 122027880                              {pd product} {ergonomic}
    uintx ProfiledCodeHeapSize                     = 122027880                              {pd product} {ergonomic}
    uintx ReservedCodeCacheSize                    = 251658240                              {pd product} {ergonomic}
     bool SegmentedCodeCache                       = true                                      {product} {ergonomic}
   size_t SoftMaxHeapSize                          = 4055891968                             {manageable} {ergonomic}
     bool UseCompressedOops                        = true                           {product lp64_product} {ergonomic}
     bool UseG1GC                                  = true                                      {product} {ergonomic}
     bool UseLargePagesIndividualAllocation        = false                                  {pd product} {ergonomic}

Logging:
Log output configuration:
 #0: stdout all=warning uptime,level,tags foldmultilines=false
 #1: stderr all=off uptime,level,tags foldmultilines=false

Environment Variables:
JAVA_HOME=C:\Program Files\Java\jdk-21
PATH=C:\Program Files\Common Files\Oracle\Java\javapath;C:\Program Files (x86)\Common Files\Oracle\Java\javapath;C:\WINDOWS\system32;C:\WINDOWS;C:\WINDOWS\System32\Wbem;C:\WINDOWS\System32\WindowsPowerShell\v1.0\;C:\WINDOWS\System32\OpenSSH\;C:\Program Files\Git\cmd;C:\Program Files\Java\jdk-21\bin;D:\Softwares\apache-maven-3.9.11-bin\apache-maven-3.9.11\bin;D:\Software\flutter\flutter\bin;C:\Users\Pushon31\AppData\Local\Android\Sdk\platform-tools;C:\Users\Pushon31\AppData\Local\Android\Sdk\cmdline-tools\latest\bin;C:\Users\Pushon31\AppData\Local\Android\Sdk\cmdline-tools\latest\bin;C:\Program Files (x86)\Windows Kits\10\Windows Performance Toolkit\;C:\Program Files\nodejs\;C:\Users\Pushon31\AppData\Local\Microsoft\WindowsApps;C:\Users\Pushon31\AppData\Local\Programs\Microsoft VS Code\bin;C:\Program Files\JetBrains\IntelliJ IDEA 2025.2.1\bin;C:\Users\Pushon31\AppData\Roaming\npm
USERNAME=Pushon31
OS=Windows_NT
PROCESSOR_IDENTIFIER=AMD64 Family 25 Model 97 Stepping 2, AuthenticAMD
TMP=C:\Users\Pushon31\AppData\Local\Temp
TEMP=C:\Users\Pushon31\AppData\Local\Temp




Periodic native trim disabled

---------------  S Y S T E M  ---------------

OS:
 Windows 11 , 64 bit Build 26100 (10.0.26100.7623)
OS uptime: 0 days 7:21 hours
Hyper-V role detected

CPU: total 16 (initial active 16) (16 cores per cpu, 2 threads per core) family 25 model 97 stepping 2 microcode 0xa601209, cx8, cmov, fxsr, ht, mmx, 3dnowpref, sse, sse2, sse3, ssse3, sse4a, sse4.1, sse4.2, popcnt, lzcnt, tsc, tscinvbit, avx, avx2, aes, erms, clmul, bmi1, bmi2, adx, avx512f, avx512dq, avx512cd, avx512bw, avx512vl, sha, fma, vzeroupper, avx512_vpopcntdq, avx512_vpclmulqdq, avx512_vaes, avx512_vnni, clflush, clflushopt, avx512_vbmi2, avx512_vbmi, hv, rdtscp, rdpid, fsrm, gfni, avx512_bitalg, f16c, cet_ss, avx512_ifma
Processor Information for all 16 processors :
  Max Mhz: 3801, Current Mhz: 3801, Mhz Limit: 3801

Memory: 4k page, system-wide physical 15465M (4775M free)
TotalPageFile size 20490M (AvailPageFile size 40M)
current process WorkingSet (physical memory assigned to process): 12M, peak: 12M
current process commit charge ("private bytes"): 71M, peak: 312M

vm_info: Java HotSpot(TM) 64-Bit Server VM (21.0.8+12-LTS-250) for windows-amd64 JRE (21.0.8+12-LTS-250), built on 2025-06-27T08:11:22Z by "mach5one" with MS VC++ 17.6 (VS2022)

END.
